<!DOCTYPE html PUBLIC "-//W3C//DTD XHTML 1.1//EN" "https://www.w3.org/TR/xhtml11/DTD/xhtml11.dtd">
<html xmlns="https://www.w3.org/1999/xhtml">
<head>
<meta http-equiv="content-type" content="text/html; charset=UTF-8"/>
<title>TestNG Report</title>
<style type="text/css">table {margin-bottom:10px;border-collapse:collapse;empty-cells:show}th,td {border:1px solid #009;padding:.25em .5em}th {vertical-align:bottom}td {vertical-align:top}table a {font-weight:bold}.stripe td {background-color: #E6EBF9}.num {text-align:right}.passedodd td {background-color: #3F3}.passedeven td {background-color: #0A0}.skippedodd td {background-color: #DDD}.skippedeven td {background-color: #CCC}.failedodd td,.attn {background-color: #F33}.failedeven td,.stripe .attn {background-color: #D00}.stacktrace {white-space:pre;font-family:monospace}.totop {font-size:85%;text-align:center;border-bottom:2px solid #000}.invisible {display:none}</style>
</head>
<body>
<table>
<tr><th>Test</th><th># Passed</th><th># Skipped</th><th># Retried</th><th># Failed</th><th>Time (ms)</th><th>Included Groups</th><th>Excluded Groups</th></tr>
<tr><th colspan="8">Suite</th></tr>
<tr><td><a href="#t0">Firefox</a></td><td class="num">2</td><td class="num">0</td><td class="num">0</td><td class="num">0</td><td class="num">118,228</td><td></td><td></td></tr>
<tr class="stripe"><td><a href="#t1">Chrome</a></td><td class="num">2</td><td class="num">0</td><td class="num">0</td><td class="num">0</td><td class="num">124,795</td><td></td><td></td></tr>
<tr><th>Total</th><th class="num">4</th><th class="num">0</th><th class="num">0</th><th class="num">0</th><th class="num">243,023</th><th colspan="2"></th></tr>
</table>
<table id='summary'><thead><tr><th>Class</th><th>Method</th><th>Start</th><th>Time (ms)</th></tr></thead><tbody><tr><th colspan="4">Suite</th></tr></tbody><tbody id="t0"><tr><th colspan="4">Firefox &#8212; failed (configuration methods)</th></tr><tr class="failedeven"><td rowspan="1">com.Vtiger.TCs.TC_04_Select_All_CheckBoxTest</td><td><a href="#m0">logout</a></td><td rowspan="1">1658823942585</td><td rowspan="1">170</td></tr><tr class="failedodd"><td rowspan="1">com.Vtiger.TCs.TC_05_Create_Campaign_DeleteTest</td><td><a href="#m1">closebrowser</a></td><td rowspan="1">1658824010424</td><td rowspan="1">289</td></tr><tr><th colspan="4">Firefox &#8212; skipped (configuration methods)</th></tr><tr class="skippedeven"><td rowspan="1">com.Vtiger.TCs.TC_04_Select_All_CheckBoxTest</td><td><a href="#m2">closebrowser</a></td><td rowspan="1">1658823942773</td><td rowspan="1">-1658823942773</td></tr><tr><th colspan="4">Firefox &#8212; passed</th></tr><tr class="passedeven"><td rowspan="1">com.Vtiger.TCs.TC_04_Select_All_CheckBoxTest</td><td><a href="#m3">selectallTest</a></td><td rowspan="1">1658823922047</td><td rowspan="1">20517</td></tr><tr class="passedodd"><td rowspan="1">com.Vtiger.TCs.TC_05_Create_Campaign_DeleteTest</td><td><a href="#m4">campaignTest</a></td><td rowspan="1">1658823964898</td><td rowspan="1">44964</td></tr></tbody>
<tbody id="t1"><tr><th colspan="4">Chrome &#8212; passed</th></tr><tr class="passedeven"><td rowspan="1">com.Vtiger.TCs.TC_01_CreateOrganizationTest</td><td><a href="#m5">createOrg</a></td><td rowspan="1">1658824029667</td><td rowspan="1">30012</td></tr><tr class="passedodd"><td rowspan="1">com.Vtiger.TCs.TC_03_CreateOrganization_DeleteTest</td><td><a href="#m6">Endtoend</a></td><td rowspan="1">1658824080062</td><td rowspan="1">52161</td></tr></tbody>
</table>
<h2>Firefox</h2><h3 id="m0">com.Vtiger.TCs.TC_04_Select_All_CheckBoxTest#logout</h3><table class="result"><tr><th>Exception</th></tr><tr><td><div class="stacktrace">org.openqa.selenium.interactions.MoveTargetOutOfBoundsException: (1266, -87) is out of bounds of viewport width (1366) and height (643)
Build info: version: &apos;4.2.2&apos;, revision: &apos;683ccb65d6&apos;
System info: host: &apos;AMAR&apos;, ip: &apos;192.168.60.226&apos;, os.name: &apos;Windows 8.1&apos;, os.arch: &apos;amd64&apos;, os.version: &apos;6.3&apos;, java.version: &apos;1.8.0_172&apos;
Driver info: org.openqa.selenium.firefox.FirefoxDriver
Command: [ddf5d338-aca5-4b57-af2c-e9e3a263dec7, actions {actions=[org.openqa.selenium.interactions.Sequence@3419e23b]}]
Capabilities {acceptInsecureCerts: true, browserName: firefox, browserVersion: 102.0.1, moz:accessibilityChecks: false, moz:buildID: 20220705093820, moz:debuggerAddress: localhost:50661, moz:geckodriverVersion: 0.31.0, moz:headless: false, moz:processID: 9884, moz:profile: C:\Users\AMAR-G\AppData\Loc..., moz:shutdownTimeout: 60000, moz:useNonSpecCompliantPointerOrigin: false, moz:webdriverClick: true, moz:windowless: false, pageLoadStrategy: normal, platformName: WINDOWS, platformVersion: 6.3, proxy: Proxy(), se:cdp: ws://localhost:50661/devtoo..., se:cdpVersion: 85.0, setWindowRect: true, strictFileInteractability: false, timeouts: {implicit: 0, pageLoad: 300000, script: 30000}, unhandledPromptBehavior: dismiss and notify}
Session ID: ddf5d338-aca5-4b57-af2c-e9e3a263dec7
	at org.openqa.selenium.remote.codec.w3c.W3CHttpResponseCodec.createException(W3CHttpResponseCodec.java:200)
	at org.openqa.selenium.remote.codec.w3c.W3CHttpResponseCodec.decode(W3CHttpResponseCodec.java:133)
	at org.openqa.selenium.remote.codec.w3c.W3CHttpResponseCodec.decode(W3CHttpResponseCodec.java:53)
	at org.openqa.selenium.remote.HttpCommandExecutor.execute(HttpCommandExecutor.java:184)
	at org.openqa.selenium.remote.service.DriverCommandExecutor.invokeExecute(DriverCommandExecutor.java:167)
	at org.openqa.selenium.remote.service.DriverCommandExecutor.execute(DriverCommandExecutor.java:142)
	at org.openqa.selenium.remote.RemoteWebDriver.execute(RemoteWebDriver.java:588)
	at org.openqa.selenium.remote.RemoteWebDriver.perform(RemoteWebDriver.java:656)
	at org.openqa.selenium.interactions.Actions$BuiltAction.perform(Actions.java:718)
	at com.vtiger.GenericLib.WebDriverUtility.moveToElement(WebDriverUtility.java:47)
	at com.vtiger.GenericLib.BaseUtilityClass.logout(BaseUtilityClass.java:84)
	at java.util.ArrayList.forEach(ArrayList.java:1257)
... Removed 36 stack frames</div></td></tr></table><p class="totop"><a href="#summary">back to summary</a></p>
<h3 id="m1">com.Vtiger.TCs.TC_05_Create_Campaign_DeleteTest#closebrowser</h3><table class="result"><tr><th>Exception</th></tr><tr><td><div class="stacktrace">org.openqa.selenium.UnhandledAlertException: Dismissed user prompt dialog: undefined: 
Build info: version: &apos;4.2.2&apos;, revision: &apos;683ccb65d6&apos;
System info: host: &apos;AMAR&apos;, ip: &apos;192.168.60.226&apos;, os.name: &apos;Windows 8.1&apos;, os.arch: &apos;amd64&apos;, os.version: &apos;6.3&apos;, java.version: &apos;1.8.0_172&apos;
Driver info: org.openqa.selenium.firefox.FirefoxDriver
Command: [90cff1b9-0c3c-4853-995f-bf40d927217b, close {}]
Capabilities {acceptInsecureCerts: true, browserName: firefox, browserVersion: 102.0.1, moz:accessibilityChecks: false, moz:buildID: 20220705093820, moz:debuggerAddress: localhost:49903, moz:geckodriverVersion: 0.31.0, moz:headless: false, moz:processID: 17948, moz:profile: C:\Users\AMAR-G\AppData\Loc..., moz:shutdownTimeout: 60000, moz:useNonSpecCompliantPointerOrigin: false, moz:webdriverClick: true, moz:windowless: false, pageLoadStrategy: normal, platformName: WINDOWS, platformVersion: 6.3, proxy: Proxy(), se:cdp: ws://localhost:49903/devtoo..., se:cdpVersion: 85.0, setWindowRect: true, strictFileInteractability: false, timeouts: {implicit: 0, pageLoad: 300000, script: 30000}, unhandledPromptBehavior: dismiss and notify}
Session ID: 90cff1b9-0c3c-4853-995f-bf40d927217b
	at org.openqa.selenium.remote.codec.w3c.W3CHttpResponseCodec.decode(W3CHttpResponseCodec.java:131)
	at org.openqa.selenium.remote.codec.w3c.W3CHttpResponseCodec.decode(W3CHttpResponseCodec.java:53)
	at org.openqa.selenium.remote.HttpCommandExecutor.execute(HttpCommandExecutor.java:184)
	at org.openqa.selenium.remote.service.DriverCommandExecutor.invokeExecute(DriverCommandExecutor.java:167)
	at org.openqa.selenium.remote.service.DriverCommandExecutor.execute(DriverCommandExecutor.java:142)
	at org.openqa.selenium.remote.RemoteWebDriver.execute(RemoteWebDriver.java:588)
	at org.openqa.selenium.remote.RemoteWebDriver.execute(RemoteWebDriver.java:643)
	at org.openqa.selenium.remote.RemoteWebDriver.execute(RemoteWebDriver.java:647)
	at org.openqa.selenium.remote.RemoteWebDriver.close(RemoteWebDriver.java:473)
	at com.vtiger.GenericLib.BaseUtilityClass.closebrowser(BaseUtilityClass.java:90)
	at java.util.ArrayList.forEach(ArrayList.java:1257)
... Removed 25 stack frames</div></td></tr></table><p class="totop"><a href="#summary">back to summary</a></p>
<h3 id="m2">com.Vtiger.TCs.TC_04_Select_All_CheckBoxTest#closebrowser</h3><table class="result"><tr><th class="invisible"/></tr></table><p class="totop"><a href="#summary">back to summary</a></p>
<h3 id="m3">com.Vtiger.TCs.TC_04_Select_All_CheckBoxTest#selectallTest</h3><table class="result"><tr><th class="invisible"/></tr></table><p class="totop"><a href="#summary">back to summary</a></p>
<h3 id="m4">com.Vtiger.TCs.TC_05_Create_Campaign_DeleteTest#campaignTest</h3><table class="result"><tr><th class="invisible"/></tr></table><p class="totop"><a href="#summary">back to summary</a></p>
<h2>Chrome</h2><h3 id="m5">com.Vtiger.TCs.TC_01_CreateOrganizationTest#createOrg</h3><table class="result"><tr><th class="invisible"/></tr></table><p class="totop"><a href="#summary">back to summary</a></p>
<h3 id="m6">com.Vtiger.TCs.TC_03_CreateOrganization_DeleteTest#Endtoend</h3><table class="result"><tr><th class="invisible"/></tr></table><p class="totop"><a href="#summary">back to summary</a></p>
</body>
</html>
